<?xml version="1.0" encoding="UTF-8"?>
<testng-results ignored="0" total="1" passed="1" failed="0" skipped="0">
  <reporter-output>
  </reporter-output>
  <suite started-at="2022-04-19T17:25:20 IST" name="Default suite" finished-at="2022-04-19T17:25:37 IST" duration-ms="16603">
    <groups>
    </groups>
    <test started-at="2022-04-19T17:25:20 IST" name="Default test" finished-at="2022-04-19T17:25:37 IST" duration-ms="16603">
      <class name="com.demowebshop.scripts.Newsbtn">
        <test-method is-config="true" signature="generateReport()[pri:0, instance:com.demowebshop.scripts.Newsbtn@3bf9ce3e]" started-at="2022-04-19T17:25:20 IST" name="generateReport" finished-at="2022-04-19T17:25:20 IST" duration-ms="224" status="PASS">
          <reporter-output>
          </reporter-output>
        </test-method> <!-- generateReport -->
        <test-method is-config="true" signature="beforeClass()[pri:0, instance:com.demowebshop.scripts.Newsbtn@3bf9ce3e]" started-at="2022-04-19T17:25:20 IST" name="beforeClass" finished-at="2022-04-19T17:25:26 IST" duration-ms="5517" status="PASS">
          <reporter-output>
          </reporter-output>
        </test-method> <!-- beforeClass -->
        <test-method is-config="true" signature="methodName(java.lang.reflect.Method)[pri:0, instance:com.demowebshop.scripts.Newsbtn@3bf9ce3e]" started-at="2022-04-19T17:25:26 IST" name="methodName" finished-at="2022-04-19T17:25:26 IST" duration-ms="5" status="PASS">
          <params>
            <param index="0">
              <value>
                <![CDATA[public void com.demowebshop.scripts.Newsbtn.NewsbtnTestCase() throws java.lang.Exception]]>
              </value>
            </param>
          </params>
          <reporter-output>
          </reporter-output>
        </test-method> <!-- methodName -->
        <test-method signature="NewsbtnTestCase()[pri:0, instance:com.demowebshop.scripts.Newsbtn@3bf9ce3e]" started-at="2022-04-19T17:25:26 IST" name="NewsbtnTestCase" finished-at="2022-04-19T17:25:36 IST" duration-ms="10478" status="PASS">
          <reporter-output>
          </reporter-output>
        </test-method> <!-- NewsbtnTestCase -->
        <test-method is-config="true" signature="afterClass()[pri:0, instance:com.demowebshop.scripts.Newsbtn@3bf9ce3e]" started-at="2022-04-19T17:25:36 IST" name="afterClass" finished-at="2022-04-19T17:25:37 IST" duration-ms="360" status="PASS">
          <reporter-output>
          </reporter-output>
        </test-method> <!-- afterClass -->
      </class> <!-- com.demowebshop.scripts.Newsbtn -->
    </test> <!-- Default test -->
  </suite> <!-- Default suite -->
</testng-results>
